<?xml version='1.0' encoding='UTF-8'?>
<testsuite hostname="Srikanths-MacBook-Pro.local" name="Utils.DataCenterTypeNetworkTest" tests="2" errors="0" failures="0" skipped="0" time="0.1" timestamp="2022-11-27T20:24:29">
          <properties>
[...]
</properties>
          <testcase classname="Utils.DataCenterTypeNetworkTest" name="testGetDataCenter" time="0.099">
                      
                    </testcase><testcase classname="Utils.DataCenterTypeNetworkTest" name="testCreateHost" time="0.001">
                      
                    </testcase>
          <system-out><![CDATA[]]></system-out>
          <system-err><![CDATA[]]></system-err>
        </testsuite>